Client connected 
Client certificate subject DN field: CN=AbdeljalilMoussa (ab6834mo-s)/MaxBringemo(ma7642br-s)/ElinLennartsson (tna15el)/MartinLarsson (dat14mla), OU=eita25, O=LTH, L=lund, ST=skane, C=SE
Client certificate issuer DN field: EMAILADDRESS=ab5834mo-s@student.lu.se, CN=CA, OU=eita25, O=lth, L=lund, ST=skane, C=SE
Certificate serial number: 14970141434925909402
1 concurrent connection(s) 


Client connected 
Client certificate subject DN field: CN=AbdeljalilMoussa (ab6834mo-s)/MaxBringemo(ma7642br-s)/ElinLennartsson (tna15el)/MartinLarsson (dat14mla), OU=eita25, O=LTH, L=lund, ST=skane, C=SE
Client certificate issuer DN field: EMAILADDRESS=ab5834mo-s@student.lu.se, CN=CA, OU=eita25, O=lth, L=lund, ST=skane, C=SE
Certificate serial number: 14970141434925909402
2 concurrent connection(s) 


Client connected 
Client certificate subject DN field: CN=AbdeljalilMoussa (ab6834mo-s)/MaxBringemo(ma7642br-s)/ElinLennartsson (tna15el)/MartinLarsson (dat14mla), OU=eita25, O=LTH, L=lund, ST=skane, C=SE
Client certificate issuer DN field: EMAILADDRESS=ab5834mo-s@student.lu.se, CN=CA, OU=eita25, O=lth, L=lund, ST=skane, C=SE
Certificate serial number: 14970141434925909402
3 concurrent connection(s) 


Client connected 
Client certificate subject DN field: CN=p2, OU=patient, O=div1, L=lund, ST=skane, C=SE
Client certificate issuer DN field: EMAILADDRESS=ab6834mo-s@student.lu.se, CN=CA, OU=IT, O=Hospital, L=Lund, ST=Skane, C=SE
Certificate serial number: 16092019537974721087
1 concurrent connection(s) 

Client disconnected 
0 concurrent connection(s)

Client connected 
Client certificate subject DN field: CN=p2, OU=patient, O=div1, L=lund, ST=skane, C=SE
Client certificate issuer DN field: EMAILADDRESS=ab6834mo-s@student.lu.se, CN=CA, OU=IT, O=Hospital, L=Lund, ST=Skane, C=SE
Certificate serial number: 16092019537974721087
1 concurrent connection(s) 

Client connected 
Client certificate subject DN field: CN=p2, OU=patient, O=div1, L=lund, ST=skane, C=SE
Client certificate issuer DN field: EMAILADDRESS=ab6834mo-s@student.lu.se, CN=CA, OU=IT, O=Hospital, L=Lund, ST=Skane, C=SE
Certificate serial number: 16092019537974721087
1 concurrent connection(s) 

Client connected 
Client certificate subject DN field: CN=p2, OU=patient, O=div1, L=lund, ST=skane, C=SE
Client certificate issuer DN field: EMAILADDRESS=ab6834mo-s@student.lu.se, CN=CA, OU=IT, O=Hospital, L=Lund, ST=Skane, C=SE
Certificate serial number: 16092019537974721087
1 concurrent connection(s) 

Client connected 
Client certificate subject DN field: CN=p2, OU=patient, O=div1, L=lund, ST=skane, C=SE
Client certificate issuer DN field: EMAILADDRESS=ab6834mo-s@student.lu.se, CN=CA, OU=IT, O=Hospital, L=Lund, ST=Skane, C=SE
Certificate serial number: 16092019537974721087
1 concurrent connection(s) 

Client connected 
Client certificate subject DN field: CN=p2, OU=patient, O=div1, L=lund, ST=skane, C=SE
Client certificate issuer DN field: EMAILADDRESS=ab6834mo-s@student.lu.se, CN=CA, OU=IT, O=Hospital, L=Lund, ST=Skane, C=SE
Certificate serial number: 16092019537974721087
1 concurrent connection(s) 

Client disconnected 
0 concurrent connection(s)

Client connected 
Client certificate subject DN field: CN=p2, OU=patient, O=div1, L=lund, ST=skane, C=SE
Client certificate issuer DN field: EMAILADDRESS=ab6834mo-s@student.lu.se, CN=CA, OU=IT, O=Hospital, L=Lund, ST=Skane, C=SE
Certificate serial number: 16092019537974721087
1 concurrent connection(s) 

Client connected 
Client certificate subject DN field: CN=p2, OU=patient, O=div1, L=lund, ST=skane, C=SE
Client certificate issuer DN field: EMAILADDRESS=ab6834mo-s@student.lu.se, CN=CA, OU=IT, O=Hospital, L=Lund, ST=Skane, C=SE
Certificate serial number: 16092019537974721087
1 concurrent connection(s) 

Client disconnected 
0 concurrent connection(s)

Client connected 
Client certificate subject DN field: CN=p2, OU=patient, O=div1, L=lund, ST=skane, C=SE
Client certificate issuer DN field: EMAILADDRESS=ab6834mo-s@student.lu.se, CN=CA, OU=IT, O=Hospital, L=Lund, ST=Skane, C=SE
Certificate serial number: 16092019537974721087
1 concurrent connection(s) 

Client disconnected 
0 concurrent connection(s)

Client connected 
Client certificate subject DN field: CN=p2, OU=patient, O=div1, L=lund, ST=skane, C=SE
Client certificate issuer DN field: EMAILADDRESS=ab6834mo-s@student.lu.se, CN=CA, OU=IT, O=Hospital, L=Lund, ST=Skane, C=SE
Certificate serial number: 16092019537974721087
1 concurrent connection(s) 

Client disconnected 
0 concurrent connection(s)

Client connected 
Client certificate subject DN field: CN=p2, OU=patient, O=div1, L=lund, ST=skane, C=SE
Client certificate issuer DN field: EMAILADDRESS=ab6834mo-s@student.lu.se, CN=CA, OU=IT, O=Hospital, L=Lund, ST=Skane, C=SE
Certificate serial number: 16092019537974721087
1 concurrent connection(s) 

Client disconnected 
0 concurrent connection(s)

Client connected 
Client certificate subject DN field: CN=p2, OU=patient, O=div1, L=lund, ST=skane, C=SE
Client certificate issuer DN field: EMAILADDRESS=ab6834mo-s@student.lu.se, CN=CA, OU=IT, O=Hospital, L=Lund, ST=Skane, C=SE
Certificate serial number: 16092019537974721087
1 concurrent connection(s) 

Client connected 
Client certificate subject DN field: CN=p2, OU=patient, O=div1, L=lund, ST=skane, C=SE
Client certificate issuer DN field: EMAILADDRESS=ab6834mo-s@student.lu.se, CN=CA, OU=IT, O=Hospital, L=Lund, ST=Skane, C=SE
Certificate serial number: 16092019537974721087
1 concurrent connection(s) 

Client disconnected 
0 concurrent connection(s)

Client connected 
Client certificate subject DN field: CN=p2, OU=patient, O=div1, L=lund, ST=skane, C=SE
Client certificate issuer DN field: EMAILADDRESS=ab6834mo-s@student.lu.se, CN=CA, OU=IT, O=Hospital, L=Lund, ST=Skane, C=SE
Certificate serial number: 16092019537974721087
1 concurrent connection(s) 

Client connected 
Client certificate subject DN field: CN=p2, OU=patient, O=div1, L=lund, ST=skane, C=SE
Client certificate issuer DN field: EMAILADDRESS=ab6834mo-s@student.lu.se, CN=CA, OU=IT, O=Hospital, L=Lund, ST=Skane, C=SE
Certificate serial number: 16092019537974721087
1 concurrent connection(s) 

Client connected 
Client certificate subject DN field: CN=p2, OU=patient, O=div1, L=lund, ST=skane, C=SE
Client certificate issuer DN field: EMAILADDRESS=ab6834mo-s@student.lu.se, CN=CA, OU=IT, O=Hospital, L=Lund, ST=Skane, C=SE
Certificate serial number: 16092019537974721087
1 concurrent connection(s) 

Client connected 
Client certificate subject DN field: CN=p2, OU=patient, O=div1, L=lund, ST=skane, C=SE
Client certificate issuer DN field: EMAILADDRESS=ab6834mo-s@student.lu.se, CN=CA, OU=IT, O=Hospital, L=Lund, ST=Skane, C=SE
Certificate serial number: 16092019537974721087
1 concurrent connection(s) 

Client connected 
Client certificate subject DN field: CN=p2, OU=patient, O=div1, L=lund, ST=skane, C=SE
Client certificate issuer DN field: EMAILADDRESS=ab6834mo-s@student.lu.se, CN=CA, OU=IT, O=Hospital, L=Lund, ST=Skane, C=SE
Certificate serial number: 16092019537974721087
1 concurrent connection(s) 

Client disconnected 
0 concurrent connection(s)

Client connected 
Client certificate subject DN field: CN=p2, OU=patient, O=div1, L=lund, ST=skane, C=SE
Client certificate issuer DN field: EMAILADDRESS=ab6834mo-s@student.lu.se, CN=CA, OU=IT, O=Hospital, L=Lund, ST=Skane, C=SE
Certificate serial number: 16092019537974721087
1 concurrent connection(s) 

Client disconnected 
0 concurrent connection(s)

Client connected 
Client certificate subject DN field: CN=p2, OU=patient, O=div1, L=lund, ST=skane, C=SE
Client certificate issuer DN field: EMAILADDRESS=ab6834mo-s@student.lu.se, CN=CA, OU=IT, O=Hospital, L=Lund, ST=Skane, C=SE
Certificate serial number: 16092019537974721087
1 concurrent connection(s) 

Client disconnected 
0 concurrent connection(s)

Client connected 
Client certificate subject DN field: CN=p2, OU=patient, O=div1, L=lund, ST=skane, C=SE
Client certificate issuer DN field: EMAILADDRESS=ab6834mo-s@student.lu.se, CN=CA, OU=IT, O=Hospital, L=Lund, ST=Skane, C=SE
Certificate serial number: 16092019537974721087
1 concurrent connection(s) 

Client disconnected 
0 concurrent connection(s)

Client connected 
Client certificate subject DN field: CN=p2, OU=patient, O=div1, L=lund, ST=skane, C=SE
Client certificate issuer DN field: EMAILADDRESS=ab6834mo-s@student.lu.se, CN=CA, OU=IT, O=Hospital, L=Lund, ST=Skane, C=SE
Certificate serial number: 16092019537974721087
1 concurrent connection(s) 

Client disconnected 
0 concurrent connection(s)

Client connected 
Client certificate subject DN field: CN=p2, OU=patient, O=div1, L=lund, ST=skane, C=SE
Client certificate issuer DN field: EMAILADDRESS=ab6834mo-s@student.lu.se, CN=CA, OU=IT, O=Hospital, L=Lund, ST=Skane, C=SE
Certificate serial number: 16092019537974721087
1 concurrent connection(s) 

Client disconnected 
0 concurrent connection(s)

Client connected 
Client certificate subject DN field: CN=p2, OU=patient, O=div1, L=lund, ST=skane, C=SE
Client certificate issuer DN field: EMAILADDRESS=ab6834mo-s@student.lu.se, CN=CA, OU=IT, O=Hospital, L=Lund, ST=Skane, C=SE
Certificate serial number: 16092019537974721087
1 concurrent connection(s) 

Client disconnected 
0 concurrent connection(s)

Client connected 
Client certificate subject DN field: CN=p2, OU=patient, O=div1, L=lund, ST=skane, C=SE
Client certificate issuer DN field: EMAILADDRESS=ab6834mo-s@student.lu.se, CN=CA, OU=IT, O=Hospital, L=Lund, ST=Skane, C=SE
Certificate serial number: 16092019537974721087
1 concurrent connection(s) 

Client disconnected 
0 concurrent connection(s)

Client connected 
Client certificate subject DN field: CN=p2, OU=patient, O=div1, L=lund, ST=skane, C=SE
Client certificate issuer DN field: EMAILADDRESS=ab6834mo-s@student.lu.se, CN=CA, OU=IT, O=Hospital, L=Lund, ST=Skane, C=SE
Certificate serial number: 16092019537974721087
1 concurrent connection(s) 

Client disconnected 
0 concurrent connection(s)

Client connected 
Client certificate subject DN field: CN=p2, OU=patient, O=div1, L=lund, ST=skane, C=SE
Client certificate issuer DN field: EMAILADDRESS=ab6834mo-s@student.lu.se, CN=CA, OU=IT, O=Hospital, L=Lund, ST=Skane, C=SE
Certificate serial number: 16092019537974721087
1 concurrent connection(s) 

Client disconnected 
0 concurrent connection(s)

Client connected 
Client certificate subject DN field: CN=p2, OU=patient, O=div1, L=lund, ST=skane, C=SE
Client certificate issuer DN field: EMAILADDRESS=ab6834mo-s@student.lu.se, CN=CA, OU=IT, O=Hospital, L=Lund, ST=Skane, C=SE
Certificate serial number: 16092019537974721087
1 concurrent connection(s) 

Client disconnected 
0 concurrent connection(s)

Client connected 
Client certificate subject DN field: CN=p2, OU=patient, O=div1, L=lund, ST=skane, C=SE
Client certificate issuer DN field: EMAILADDRESS=ab6834mo-s@student.lu.se, CN=CA, OU=IT, O=Hospital, L=Lund, ST=Skane, C=SE
Certificate serial number: 16092019537974721087
1 concurrent connection(s) 

Client disconnected 
0 concurrent connection(s)

Client connected 
Client certificate subject DN field: CN=p2, OU=patient, O=div1, L=lund, ST=skane, C=SE
Client certificate issuer DN field: EMAILADDRESS=ab6834mo-s@student.lu.se, CN=CA, OU=IT, O=Hospital, L=Lund, ST=Skane, C=SE
Certificate serial number: 16092019537974721087
1 concurrent connection(s) 

Client died: Connection reset
Client connected 
Client certificate subject DN field: CN=p2, OU=patient, O=div1, L=lund, ST=skane, C=SE
Client certificate issuer DN field: EMAILADDRESS=ab6834mo-s@student.lu.se, CN=CA, OU=IT, O=Hospital, L=Lund, ST=Skane, C=SE
Certificate serial number: 16092019537974721087
1 concurrent connection(s) 

Client connected 
Client certificate subject DN field: CN=p2, OU=patient, O=div1, L=lund, ST=skane, C=SE
Client certificate issuer DN field: EMAILADDRESS=ab6834mo-s@student.lu.se, CN=CA, OU=IT, O=Hospital, L=Lund, ST=Skane, C=SE
Certificate serial number: 16092019537974721087
1 concurrent connection(s) 

Client connected 
Client certificate subject DN field: CN=p2, OU=patient, O=div1, L=lund, ST=skane, C=SE
Client certificate issuer DN field: EMAILADDRESS=ab6834mo-s@student.lu.se, CN=CA, OU=IT, O=Hospital, L=Lund, ST=Skane, C=SE
Certificate serial number: 16092019537974721087
1 concurrent connection(s) 

Client connected 
Client certificate subject DN field: CN=p2, OU=patient, O=div1, L=lund, ST=skane, C=SE
Client certificate issuer DN field: EMAILADDRESS=ab6834mo-s@student.lu.se, CN=CA, OU=IT, O=Hospital, L=Lund, ST=Skane, C=SE
Certificate serial number: 16092019537974721087
1 concurrent connection(s) 

Client connected 
Client certificate subject DN field: CN=p2, OU=patient, O=div1, L=lund, ST=skane, C=SE
Client certificate issuer DN field: EMAILADDRESS=ab6834mo-s@student.lu.se, CN=CA, OU=IT, O=Hospital, L=Lund, ST=Skane, C=SE
Certificate serial number: 16092019537974721087
1 concurrent connection(s) 

Client connected 
Client certificate subject DN field: CN=p2, OU=patient, O=div1, L=lund, ST=skane, C=SE
Client certificate issuer DN field: EMAILADDRESS=ab6834mo-s@student.lu.se, CN=CA, OU=IT, O=Hospital, L=Lund, ST=Skane, C=SE
Certificate serial number: 16092019537974721087
1 concurrent connection(s) 

Client connected 
Client certificate subject DN field: CN=p2, OU=patient, O=div1, L=lund, ST=skane, C=SE
Client certificate issuer DN field: EMAILADDRESS=ab6834mo-s@student.lu.se, CN=CA, OU=IT, O=Hospital, L=Lund, ST=Skane, C=SE
Certificate serial number: 16092019537974721087
1 concurrent connection(s) 

Client connected 
Client certificate subject DN field: CN=p2, OU=patient, O=div1, L=lund, ST=skane, C=SE
Client certificate issuer DN field: EMAILADDRESS=ab6834mo-s@student.lu.se, CN=CA, OU=IT, O=Hospital, L=Lund, ST=Skane, C=SE
Certificate serial number: 16092019537974721087
1 concurrent connection(s) 

Client died: Connection reset
Client connected 
Client certificate subject DN field: CN=p2, OU=patient, O=div1, L=lund, ST=skane, C=SE
Client certificate issuer DN field: EMAILADDRESS=ab6834mo-s@student.lu.se, CN=CA, OU=IT, O=Hospital, L=Lund, ST=Skane, C=SE
Certificate serial number: 16092019537974721087
1 concurrent connection(s) 

Client died: Connection reset
Client connected 
Client certificate subject DN field: CN=p2, OU=patient, O=div1, L=lund, ST=skane, C=SE
Client certificate issuer DN field: EMAILADDRESS=ab6834mo-s@student.lu.se, CN=CA, OU=IT, O=Hospital, L=Lund, ST=Skane, C=SE
Certificate serial number: 16092019537974721087
1 concurrent connection(s) 

Client died: Connection reset
Client connected 
Client certificate subject DN field: CN=p2, OU=patient, O=div1, L=lund, ST=skane, C=SE
Client certificate issuer DN field: EMAILADDRESS=ab6834mo-s@student.lu.se, CN=CA, OU=IT, O=Hospital, L=Lund, ST=Skane, C=SE
Certificate serial number: 16092019537974721087
1 concurrent connection(s) 

Client connected 
Client certificate subject DN field: CN=p2, OU=patient, O=div1, L=lund, ST=skane, C=SE
Client certificate issuer DN field: EMAILADDRESS=ab6834mo-s@student.lu.se, CN=CA, OU=IT, O=Hospital, L=Lund, ST=Skane, C=SE
Certificate serial number: 16092019537974721087
1 concurrent connection(s) 

Client connected 
Client certificate subject DN field: CN=p2, OU=patient, O=div1, L=lund, ST=skane, C=SE
Client certificate issuer DN field: EMAILADDRESS=ab6834mo-s@student.lu.se, CN=CA, OU=IT, O=Hospital, L=Lund, ST=Skane, C=SE
Certificate serial number: 16092019537974721087
1 concurrent connection(s) 

Client died: Connection reset
Client connected 
Client certificate subject DN field: CN=p2, OU=patient, O=div1, L=lund, ST=skane, C=SE
Client certificate issuer DN field: EMAILADDRESS=ab6834mo-s@student.lu.se, CN=CA, OU=IT, O=Hospital, L=Lund, ST=Skane, C=SE
Certificate serial number: 16092019537974721087
1 concurrent connection(s) 

Client connected 
Client certificate subject DN field: CN=p2, OU=patient, O=div1, L=lund, ST=skane, C=SE
Client certificate issuer DN field: EMAILADDRESS=ab6834mo-s@student.lu.se, CN=CA, OU=IT, O=Hospital, L=Lund, ST=Skane, C=SE
Certificate serial number: 16092019537974721087
1 concurrent connection(s) 

Client connected 
Client certificate subject DN field: CN=p2, OU=patient, O=div1, L=lund, ST=skane, C=SE
Client certificate issuer DN field: EMAILADDRESS=ab6834mo-s@student.lu.se, CN=CA, OU=IT, O=Hospital, L=Lund, ST=Skane, C=SE
Certificate serial number: 16092019537974721087
1 concurrent connection(s) 

Client connected 
Client certificate subject DN field: CN=p2, OU=patient, O=div1, L=lund, ST=skane, C=SE
Client certificate issuer DN field: EMAILADDRESS=ab6834mo-s@student.lu.se, CN=CA, OU=IT, O=Hospital, L=Lund, ST=Skane, C=SE
Certificate serial number: 16092019537974721087
1 concurrent connection(s) 

Client connected 
Client certificate subject DN field: CN=p2, OU=patient, O=div1, L=lund, ST=skane, C=SE
Client certificate issuer DN field: EMAILADDRESS=ab6834mo-s@student.lu.se, CN=CA, OU=IT, O=Hospital, L=Lund, ST=Skane, C=SE
Certificate serial number: 16092019537974721087
1 concurrent connection(s) 

Client connected 
Client certificate subject DN field: CN=p2, OU=patient, O=div1, L=lund, ST=skane, C=SE
Client certificate issuer DN field: EMAILADDRESS=ab6834mo-s@student.lu.se, CN=CA, OU=IT, O=Hospital, L=Lund, ST=Skane, C=SE
Certificate serial number: 16092019537974721087
1 concurrent connection(s) 

Client connected 
Client certificate subject DN field: CN=p2, OU=patient, O=div1, L=lund, ST=skane, C=SE
Client certificate issuer DN field: EMAILADDRESS=ab6834mo-s@student.lu.se, CN=CA, OU=IT, O=Hospital, L=Lund, ST=Skane, C=SE
Certificate serial number: 16092019537974721087
1 concurrent connection(s) 

Client died: Connection reset
Client connected 
Client certificate subject DN field: CN=p2, OU=patient, O=div1, L=lund, ST=skane, C=SE
Client certificate issuer DN field: EMAILADDRESS=ab6834mo-s@student.lu.se, CN=CA, OU=IT, O=Hospital, L=Lund, ST=Skane, C=SE
Certificate serial number: 16092019537974721087
1 concurrent connection(s) 

Client connected 
Client certificate subject DN field: CN=p2, OU=patient, O=div1, L=lund, ST=skane, C=SE
Client certificate issuer DN field: EMAILADDRESS=ab6834mo-s@student.lu.se, CN=CA, OU=IT, O=Hospital, L=Lund, ST=Skane, C=SE
Certificate serial number: 16092019537974721087
1 concurrent connection(s) 

Client connected 
Client certificate subject DN field: CN=p2, OU=patient, O=div1, L=lund, ST=skane, C=SE
Client certificate issuer DN field: EMAILADDRESS=ab6834mo-s@student.lu.se, CN=CA, OU=IT, O=Hospital, L=Lund, ST=Skane, C=SE
Certificate serial number: 16092019537974721087
1 concurrent connection(s) 

Client connected 
Client certificate subject DN field: CN=p2, OU=patient, O=div1, L=lund, ST=skane, C=SE
Client certificate issuer DN field: EMAILADDRESS=ab6834mo-s@student.lu.se, CN=CA, OU=IT, O=Hospital, L=Lund, ST=Skane, C=SE
Certificate serial number: 16092019537974721087
1 concurrent connection(s) 

Client connected 
Client certificate subject DN field: CN=p2, OU=patient, O=div1, L=lund, ST=skane, C=SE
Client certificate issuer DN field: EMAILADDRESS=ab6834mo-s@student.lu.se, CN=CA, OU=IT, O=Hospital, L=Lund, ST=Skane, C=SE
Certificate serial number: 16092019537974721087
1 concurrent connection(s) 

Client connected 
Client certificate subject DN field: CN=p2, OU=patient, O=div1, L=lund, ST=skane, C=SE
Client certificate issuer DN field: EMAILADDRESS=ab6834mo-s@student.lu.se, CN=CA, OU=IT, O=Hospital, L=Lund, ST=Skane, C=SE
Certificate serial number: 16092019537974721087
1 concurrent connection(s) 

Client connected 
Client certificate subject DN field: CN=p2, OU=patient, O=div1, L=lund, ST=skane, C=SE
Client certificate issuer DN field: EMAILADDRESS=ab6834mo-s@student.lu.se, CN=CA, OU=IT, O=Hospital, L=Lund, ST=Skane, C=SE
Certificate serial number: 16092019537974721087
1 concurrent connection(s) 

Client connected 
Client certificate subject DN field: CN=p2, OU=patient, O=div1, L=lund, ST=skane, C=SE
Client certificate issuer DN field: EMAILADDRESS=ab6834mo-s@student.lu.se, CN=CA, OU=IT, O=Hospital, L=Lund, ST=Skane, C=SE
Certificate serial number: 16092019537974721087
1 concurrent connection(s) 

Client connected 
Client certificate subject DN field: CN=p2, OU=patient, O=div1, L=lund, ST=skane, C=SE
Client certificate issuer DN field: EMAILADDRESS=ab6834mo-s@student.lu.se, CN=CA, OU=IT, O=Hospital, L=Lund, ST=Skane, C=SE
Certificate serial number: 16092019537974721087
1 concurrent connection(s) 

